[18:24:36] [Render thread/INFO]: Environment: authHost='https://authserver.mojang.com', accountsHost='https://api.mojang.com', sessionHost='https://sessionserver.mojang.com', name='PROD'
[18:24:36] [Render thread/INFO]: Setting user: FunixGaming
[18:24:36] [Render thread/INFO]: Backend library: LWJGL version 3.2.1 build 12
[18:24:38] [Render thread/WARN]: ERROR : Couldn't load Narrator library : Unable to load library 'fliteWrapper': Native library (linux-x86-64/libfliteWrapper.so) not found in resource path (./data/.pacifista/client.jar:./data/.pacifista/gameLibs/icu4j-66.1.jar:./data/.pacifista/gameLibs/commons-codec-1.10.jar:./data/.pacifista/gameLibs/log4j-core-2.8.1.jar:./data/.pacifista/gameLibs/commons-lang3-3.5.jar:./data/.pacifista/gameLibs/httpclient-4.3.3.jar:./data/.pacifista/gameLibs/jutils-1.0.0.jar:./data/.pacifista/gameLibs/lwjgl-tinyfd-3.2.1-natives-linux.jar:./data/.pacifista/gameLibs/lwjgl-opengl-3.2.1.jar:./data/.pacifista/gameLibs/lwjgl-3.2.1-natives-linux.jar:./data/.pacifista/gameLibs/javabridge-1.0.22.jar:./data/.pacifista/gameLibs/datafixerupper-3.0.25.jar:./data/.pacifista/gameLibs/jinput-2.0.5.jar:./data/.pacifista/gameLibs/lwjgl-stb-3.2.1.jar:./data/.pacifista/gameLibs/lwjgl-stb-3.2.1-natives-linux.jar:./data/.pacifista/gameLibs/guava-21.0.jar:./data/.pacifista/gameLibs/log4j-api-2.8.1.jar:./data/.pacifista/gameLibs/text2speech-1.11.3.jar:./data/.pacifista/gameLibs/lwjgl-jemalloc-3.2.1-natives-linux.jar:./data/.pacifista/gameLibs/commons-logging-1.1.3.jar:./data/.pacifista/gameLibs/lwjgl-openal-3.2.1.jar:./data/.pacifista/gameLibs/patchy-1.1.jar:./data/.pacifista/gameLibs/lwjgl-glfw-3.2.1-natives-linux.jar:./data/.pacifista/gameLibs/jna-4.4.0.jar:./data/.pacifista/gameLibs/lwjgl-openal-3.2.1-natives-linux.jar:./data/.pacifista/gameLibs/java-objc-bridge-1.0.0.jar:./data/.pacifista/gameLibs/netty-all-4.1.25.Final.jar:./data/.pacifista/gameLibs/lwjgl-opengl-3.2.1-natives-linux.jar:./data/.pacifista/gameLibs/gson-2.8.0.jar:./data/.pacifista/gameLibs/brigadier-1.0.17.jar:./data/.pacifista/gameLibs/commons-compress-1.8.1.jar:./data/.pacifista/gameLibs/lwjgl-tinyfd-3.2.1.jar:./data/.pacifista/gameLibs/platform-3.4.0.jar:./data/.pacifista/gameLibs/authlib-1.6.25.jar:./data/.pacifista/gameLibs/lwjgl-3.2.1.jar:./data/.pacifista/gameLibs/httpcore-4.3.2.jar:./data/.pacifista/gameLibs/jopt-simple-5.0.3.jar:./data/.pacifista/gameLibs/lwjgl-glfw-3.2.1.jar:./data/.pacifista/gameLibs/lwjgl-jemalloc-3.2.1.jar:./data/.pacifista/gameLibs/oshi-core-1.1.jar:./data/.pacifista/gameLibs/commons-io-2.5.jar:./data/.pacifista/gameLibs/fastutil-8.2.1.jar)
[18:24:38] [Render thread/INFO]: Reloading ResourceManager: Default
[18:24:40] [Realms Notification Availability checker #1/INFO]: Could not authorize you against Realms server: Invalid session id
[18:24:46] [Render thread/INFO]: OpenAL initialized.
[18:24:46] [Render thread/INFO]: Sound engine started
[18:24:47] [Render thread/INFO]: Created: 1024x1024x4 minecraft:textures/atlas/blocks.png-atlas
[18:24:47] [Render thread/INFO]: Created: 256x128x4 minecraft:textures/atlas/signs.png-atlas
[18:24:47] [Render thread/INFO]: Created: 1024x512x4 minecraft:textures/atlas/banner_patterns.png-atlas
[18:24:47] [Render thread/INFO]: Created: 1024x512x4 minecraft:textures/atlas/shield_patterns.png-atlas
[18:24:47] [Render thread/INFO]: Created: 256x256x4 minecraft:textures/atlas/chest.png-atlas
[18:24:48] [Render thread/INFO]: Created: 512x256x4 minecraft:textures/atlas/beds.png-atlas
[18:24:48] [Render thread/INFO]: Created: 512x256x4 minecraft:textures/atlas/shulker_boxes.png-atlas
[18:24:49] [Render thread/INFO]: Created: 256x256x0 minecraft:textures/atlas/particles.png-atlas
[18:24:49] [Render thread/INFO]: Created: 256x256x0 minecraft:textures/atlas/paintings.png-atlas
[18:24:49] [Render thread/INFO]: Created: 256x128x0 minecraft:textures/atlas/mob_effects.png-atlas
[18:25:38] [Render thread/INFO]: Connecting to play.pacifista.fr, 25565
[18:25:42] [Render thread/INFO]: Stopping!
